<?xml version="1.0" encoding="UTF-8"?>
<!-- Generated by org.testng.reporters.JUnitReportReporter -->
<testsuite hostname="Vibhors-MacBook-Pro.local" name="selenium_mvn_eclipse.AppiumTest" tests="2" failures="1" timestamp="26 Sep 2015 09:39:51 GMT" time="50.755" errors="0">
  <testcase name="ifAllTabButtonsExistTest" time="15.276" classname="selenium_mvn_eclipse.AppiumTest"/>
  <testcase name="ifLandingPageHasAllTheHeadres" time="35.479" classname="selenium_mvn_eclipse.AppiumTest">
    <failure type="java.lang.AssertionError" message="Help should be visible expected:&lt;Help&gt; but was:&lt;&gt;">
      <![CDATA[java.lang.AssertionError: Help should be visible expected:<Help> but was:<>
	at org.testng.AssertJUnit.assertEquals(AssertJUnit.java:101)
	at selenium_mvn_eclipse.AppiumTest.ifLandingPageHasAllTheHeadres(AppiumTest.java:60)
	at sun.reflect.NativeMethodAccessorImpl.invoke0(Native Method)
	at sun.reflect.NativeMethodAccessorImpl.invoke(NativeMethodAccessorImpl.java:62)
	at sun.reflect.DelegatingMethodAccessorImpl.invoke(DelegatingMethodAccessorImpl.java:43)
	at java.lang.reflect.Method.invoke(Method.java:497)
	at org.testng.internal.MethodInvocationHelper.invokeMethod(MethodInvocationHelper.java:85)
	at org.testng.internal.Invoker.invokeMethod(Invoker.java:648)
	at org.testng.internal.Invoker.invokeTestMethod(Invoker.java:834)
	at org.testng.internal.Invoker.invokeTestMethods(Invoker.java:1142)
	at org.testng.internal.TestMethodWorker.invokeTestMethods(TestMethodWorker.java:124)
	at org.testng.internal.TestMethodWorker.run(TestMethodWorker.java:108)
	at org.testng.TestRunner.privateRun(TestRunner.java:771)
	at org.testng.TestRunner.run(TestRunner.java:621)
	at org.testng.SuiteRunner.runTest(SuiteRunner.java:357)
	at org.testng.SuiteRunner.runSequentially(SuiteRunner.java:352)
	at org.testng.SuiteRunner.privateRun(SuiteRunner.java:310)
	at org.testng.SuiteRunner.run(SuiteRunner.java:259)
	at org.testng.SuiteRunnerWorker.runSuite(SuiteRunnerWorker.java:52)
	at org.testng.SuiteRunnerWorker.run(SuiteRunnerWorker.java:86)
	at org.testng.TestNG.runSuitesSequentially(TestNG.java:1176)
	at org.testng.TestNG.runSuitesLocally(TestNG.java:1101)
	at org.testng.TestNG.run(TestNG.java:1009)
	at org.testng.remote.RemoteTestNG.run(RemoteTestNG.java:111)
	at org.testng.remote.RemoteTestNG.initAndRun(RemoteTestNG.java:204)
	at org.testng.remote.RemoteTestNG.main(RemoteTestNG.java:175)
]]>
    </failure>
  </testcase> <!-- ifLandingPageHasAllTheHeadres -->
</testsuite> <!-- selenium_mvn_eclipse.AppiumTest -->
